<project xmlns="http://maven.apache.org/POM/4.0.0"
	xmlns:xsi="http://www.w3.org/2001/XMLSchema-instance"
	xsi:schemaLocation="http://maven.apache.org/POM/4.0.0 http://maven.apache.org/xsd/maven-4.0.0.xsd">
	<modelVersion>4.0.0</modelVersion>
	<groupId>test</groupId>
	<artifactId>maven</artifactId>
	<version>1</version>
	<packaging>bundle</packaging>
	
	<parent>
		<unknown/>
	</parent>
	
	<dependencyManagement>
		<unknown/>
		<dependencies>
			<unknown/>
			<dependency>
				<unknown/>
				<exclusions>
					<unknown/>
					<exclusion>
						<unknown/>
					</exclusion>
				</exclusions>
			</dependency>
		</dependencies>
	</dependencyManagement>
	
	<profiles>
		<unknown/>
		<profile>
			<unknown/>
			<dependencyManagement>
				<unknown/>
			</dependencyManagement>
			<activation>
				<unknown/>
				<os>
					<name>windows</name>
					<arch>x</arch>
					<version>0</version>
					<unknown/>
				</os>
				<property>
					<unknown/>
				</property>
				<file>
					<unknown/>
				</file>
			</activation>
		</profile>
	</profiles>
	
	<repositories>
		<unknown/>
		<repository>
			<unknown/>
			<releases>
				<unknown/>
				<enabled>false</enabled>
			</releases>
			<snapshots>
				<unknown/>
				<enabled>false</enabled>
			</snapshots>
		</repository>
	</repositories>

</project>