<project xmlns="http://maven.apache.org/POM/4.0.0"
	xmlns:xsi="http://www.w3.org/2001/XMLSchema-instance"
	xsi:schemaLocation="http://maven.apache.org/POM/4.0.0 http://maven.apache.org/xsd/maven-4.0.0.xsd">
	<modelVersion>4.0.0</modelVersion>
	<groupId>test</groupId>
	<artifactId>maven</artifactId>
	<version>1</version>
	<packaging>bundle</packaging>

	<repositories>
		<repository></repository>
		<repository>
			<url></url>
		</repository>
		<repository>
			<id>root</id>
			<url>file:///</url>
			<releases>false</releases>
			<snapshots>true</snapshots>
		</repository>
		<repository>
			<id>unknown</id>
			<url>test://unknown</url>
			<releases>false</releases>
			<snapshots>false</snapshots>
		</repository>
		<repository>
			<id>invalid-local</id>
			<url>file:/ #?&amp;</url>
			<releases>true</releases>
			<snapshots>false</snapshots>
		</repository>
		<repository>
			<id>closed</id>
			<releases/>
		</repository>
		<repository/>
	</repositories>
</project>