<project xmlns="http://maven.apache.org/POM/4.0.0"
	xmlns:xsi="http://www.w3.org/2001/XMLSchema-instance"
	xsi:schemaLocation="http://maven.apache.org/POM/4.0.0 http://maven.apache.org/xsd/maven-4.0.0.xsd">
	<modelVersion>4.0.0</modelVersion>
	<groupId>test</groupId>
	<artifactId>maven</artifactId>
	<version>1</version>
	<packaging>pom</packaging>

	<dependencies>
		<dependency>
			<groupId>test</groupId>
			<artifactId>depsys</artifactId>
			<version>1</version>
			<systemPath>/test</systemPath>
		</dependency>
		<dependency>
			<groupId>test</groupId>
			<artifactId>depsys2</artifactId>
			<version>1</version>
			<systemPath>file://test</systemPath>
		</dependency>
	</dependencies>
</project>