<project xmlns="http://maven.apache.org/POM/4.0.0"
	xmlns:xsi="http://www.w3.org/2001/XMLSchema-instance"
	xsi:schemaLocation="http://maven.apache.org/POM/4.0.0 http://maven.apache.org/xsd/maven-4.0.0.xsd">
	<modelVersion>4.0.0</modelVersion>
	<groupId>test</groupId>
	<artifactId>maven</artifactId>
	<version>1</version>
	<packaging>bundle</packaging>
	
	<parent>
		<groupId>junit</groupId>
		<artifactId>junit</artifactId>
		<version>4.12</version>
	</parent>
	
	<properties>
		<test-junit-version>${parent.version}</test-junit-version>
		<test-junit-groupId>${parent.groupId}</test-junit-groupId>
		<test-junit-artifactId>${parent.artifactId}</test-junit-artifactId>
		<test-env>${env.user}</test-env>
		<test-settings>${settings.test}</test-settings>
	</properties>

</project>