<project xmlns="http://maven.apache.org/POM/4.0.0"
	xmlns:xsi="http://www.w3.org/2001/XMLSchema-instance"
	xsi:schemaLocation="http://maven.apache.org/POM/4.0.0 http://maven.apache.org/xsd/maven-4.0.0.xsd">
	<modelVersion>4.0.0</modelVersion>
	<groupId>test</groupId>
	<artifactId>maven</artifactId>
	<version>1</version>
	<packaging>bundle</packaging>
	
	<parent/>

	<dependencies>
		<dependency>
			<groupId>junit</groupId>
			<artifactId>junit</artifactId>
			<version>4.12</version>
			<scope>compile</scope>
			<exclusions>
				<exclusion>
					<groupId>*</groupId>
					<artifactId>*</artifactId>
				</exclusion>
			</exclusions>
		</dependency>
	</dependencies>

	<build>
		<outputDirectory>target/test-out</outputDirectory>
	</build>
</project>